2012-06-21 17:39:57,054 [ INFO] Log4j was successfully initialized 
2012-06-21 17:39:57,076 [ INFO] Log4j was successfully initialized 
2012-06-21 17:45:39,815 [ INFO] Log4j was successfully initialized 
2012-06-21 17:45:39,835 [ INFO] Log4j was successfully initialized 
2012-06-21 17:48:27,356 [ INFO] Log4j was successfully initialized 
2012-06-21 17:48:30,972 [ INFO] Log4j was successfully initialized 
2012-06-21 17:48:58,007 [ INFO] Log4j was successfully initialized 
2012-06-21 17:48:58,028 [ INFO] Log4j was successfully initialized 
2012-06-21 18:34:04,198 [ INFO] Log4j was successfully initialized 
2012-06-21 18:34:53,183 [ INFO] Log4j was successfully initialized 
2012-06-21 18:36:48,272 [ INFO] Log4j was successfully initialized 
2012-06-21 18:37:08,348 [ INFO] Log4j was successfully initialized 
2012-06-21 18:38:12,701 [ INFO] Log4j was successfully initialized 
2012-06-21 18:39:16,956 [ INFO] Log4j was successfully initialized 
2012-06-21 19:02:01,491 [ INFO] Log4j was successfully initialized 
2012-06-21 19:07:58,057 [ INFO] Log4j was successfully initialized 
2012-06-21 19:10:29,683 [ INFO] Log4j was successfully initialized 
2012-06-21 19:10:29,709 [ INFO] Log4j was successfully initialized 
2012-06-21 20:09:23,956 [ INFO] Log4j was successfully initialized 
2012-06-21 20:09:24,009 [ INFO] Log4j was successfully initialized 
2012-06-21 20:13:53,158 [ INFO] Log4j was successfully initialized 
2012-06-21 20:13:53,192 [ INFO] Log4j was successfully initialized 
2012-06-21 20:14:20,724 [ INFO] Log4j was successfully initialized 
2012-06-21 20:14:20,757 [ INFO] Log4j was successfully initialized 
2012-06-21 20:16:27,425 [ INFO] Log4j was successfully initialized 
2012-06-21 20:17:14,448 [ INFO] Log4j was successfully initialized 
2012-06-21 20:17:35,307 [ INFO] Log4j was successfully initialized 
2012-06-21 20:19:49,763 [ INFO] Log4j was successfully initialized 
2012-06-21 20:19:49,802 [ INFO] Log4j was successfully initialized 
2012-06-21 20:20:20,946 [ INFO] Log4j was successfully initialized 
2012-06-21 20:21:14,604 [ INFO] Log4j was successfully initialized 
2012-06-21 20:21:37,861 [ INFO] Log4j was successfully initialized 
2012-06-21 20:21:37,901 [ INFO] Log4j was successfully initialized 
2012-06-21 20:24:57,328 [ INFO] Log4j was successfully initialized 
2012-06-21 20:24:57,354 [ INFO] project folder netviewdoesn't exist 
2012-06-21 20:24:57,371 [ INFO] Log4j was successfully initialized 
2012-06-21 20:24:57,383 [ INFO] project folder netviewdoesn't exist 
2012-06-21 20:25:30,442 [ INFO] Log4j was successfully initialized 
2012-06-21 20:25:43,893 [ INFO] project folder netviewdoesn't exist 
2012-06-21 20:25:44,879 [ INFO] Log4j was successfully initialized 
2012-06-21 20:25:58,779 [ INFO] project folder netviewdoesn't exist 
2012-06-21 20:26:23,782 [ INFO] Log4j was successfully initialized 
2012-06-21 20:26:23,798 [ INFO] project folder netviewdoesn't exist 
2012-06-21 20:26:51,090 [ INFO] Log4j was successfully initialized 
2012-06-21 20:26:51,109 [ INFO] project folder netviewdoesn't exist 
2012-06-21 20:30:56,062 [ INFO] Log4j was successfully initialized 
2012-06-21 20:30:56,077 [ INFO] project folder netviewdoesn't exist 
2012-06-21 20:30:56,090 [ INFO] Log4j was successfully initialized 
2012-06-21 20:30:56,097 [ INFO] project folder netviewdoesn't exist 
2012-06-21 20:31:06,794 [ INFO] Log4j was successfully initialized 
2012-06-21 20:31:06,819 [ INFO] project folder netviewdoesn't exist 
2012-06-21 20:34:07,238 [ INFO] Log4j was successfully initialized 
2012-06-21 20:34:07,261 [ INFO] project folder netviewdoesn't exist 
2012-06-21 20:34:07,274 [ INFO] Log4j was successfully initialized 
2012-06-21 20:34:07,283 [ INFO] project folder netviewdoesn't exist 
2012-06-21 20:34:16,858 [ INFO] Log4j was successfully initialized 
2012-06-21 20:34:16,878 [ INFO] project folder netviewdoesn't exist 
2012-06-21 20:48:01,783 [ INFO] Log4j was successfully initialized 
2012-06-21 20:48:01,801 [ INFO] project folder netviewdoesn't exist 
2012-06-21 20:48:01,818 [ INFO] Log4j was successfully initialized 
2012-06-21 20:48:01,826 [ INFO] project folder netviewdoesn't exist 
2012-06-21 20:48:12,130 [ INFO] Log4j was successfully initialized 
2012-06-21 20:48:12,144 [ INFO] project folder netviewdoesn't exist 
2012-06-22 09:22:41,781 [ INFO] Log4j was successfully initialized 
2012-06-22 09:22:41,799 [ INFO] project folder netviewdoesn't exist 
2012-06-22 09:22:41,812 [ INFO] Log4j was successfully initialized 
2012-06-22 09:22:41,820 [ INFO] project folder netviewdoesn't exist 
2012-06-22 09:22:52,120 [ INFO] Log4j was successfully initialized 
2012-06-22 09:22:52,150 [ INFO] project folder netviewdoesn't exist 
2012-06-22 09:34:34,555 [ INFO] Log4j was successfully initialized 
2012-06-22 09:34:34,575 [ INFO] project folder netview doesn't exist 
2012-06-22 09:37:50,986 [ INFO] Log4j was successfully initialized 
2012-06-22 09:37:51,007 [ INFO] project folder netview doesn't exist 
2012-06-22 09:57:13,387 [ INFO] Log4j was successfully initialized 
2012-06-22 09:57:13,411 [ INFO] project folder netview doesn't exist 
2012-06-25 14:21:19,692 [ INFO] Log4j was successfully initialized 
2012-06-25 14:21:22,287 [ INFO] project folder netview doesn't exist 
2012-06-25 14:21:22,307 [ INFO] Log4j was successfully initialized 
2012-06-25 14:21:22,773 [ INFO] project folder netview doesn't exist 
2012-06-25 14:25:50,587 [ INFO] Log4j was successfully initialized 
2012-06-25 14:25:52,639 [ INFO] project folder netview doesn't exist 
2012-06-25 14:25:52,661 [ INFO] Log4j was successfully initialized 
2012-06-25 14:25:53,120 [ INFO] project folder netview doesn't exist 
2012-06-25 14:29:59,347 [ INFO] Log4j was successfully initialized 
2012-06-25 14:30:01,632 [ INFO] project folder netview doesn't exist 
2012-06-25 14:30:01,653 [ INFO] Log4j was successfully initialized 
2012-06-25 14:30:02,317 [ INFO] project folder netview doesn't exist 
2012-06-25 14:53:10,562 [ INFO] Log4j was successfully initialized 
2012-06-25 14:53:12,641 [ INFO] project folder netview doesn't exist 
2012-06-25 14:53:12,667 [ INFO] Log4j was successfully initialized 
2012-06-25 14:53:13,143 [ INFO] project folder netview doesn't exist 
2012-06-25 14:54:57,889 [ INFO] Log4j was successfully initialized 
2012-06-25 14:54:59,912 [ INFO] project folder netview doesn't exist 
2012-06-25 14:54:59,942 [ INFO] Log4j was successfully initialized 
2012-06-25 14:55:00,552 [ INFO] project folder netview doesn't exist 
2012-06-25 15:02:31,106 [ INFO] Log4j was successfully initialized 
2012-06-25 15:02:33,155 [ INFO] project folder netview doesn't exist 
2012-06-25 15:02:33,174 [ INFO] Log4j was successfully initialized 
2012-06-25 15:02:33,745 [ INFO] project folder netview doesn't exist 
2012-07-17 12:32:50,200 [ INFO] Log4j was successfully initialized 
2012-07-17 12:32:53,410 [ERROR] testScript.rb has incorrect format. Correct format is <MODULE>:<SCRIPT_NAME> 
2012-07-17 12:32:53,424 [ERROR] Module testScript.rb doesn't exists in script folder 
2012-07-17 12:32:53,432 [ INFO] project folder netview doesn't exist 
2012-07-17 12:34:37,780 [ INFO] Log4j was successfully initialized 
2012-07-17 12:34:39,787 [ INFO] project folder netview doesn't exist 
2012-07-17 13:33:15,055 [ INFO] Log4j was successfully initialized 
2012-07-17 13:33:17,070 [ERROR] Module netview doesn't exists in script folder 
2012-07-17 13:35:34,287 [ INFO] Log4j was successfully initialized 
2012-07-17 13:36:17,352 [ INFO] Log4j was successfully initialized 
2012-07-17 13:36:19,427 [ERROR] Module netview doesn't exists in script folder 
2012-07-17 13:43:03,399 [ INFO] Log4j was successfully initialized 
2012-07-17 13:45:46,959 [ INFO] Log4j was successfully initialized 
2012-07-17 13:46:35,038 [ INFO] Log4j was successfully initialized 
2012-07-17 13:46:37,281 [ INFO] project folder /ruby doesn't exist 
2012-07-17 13:47:19,513 [ INFO] Log4j was successfully initialized 
2012-07-17 13:47:21,693 [ INFO] project folder /ruby doesn't exist 
2012-07-17 13:47:47,177 [ INFO] Log4j was successfully initialized 
2012-07-17 13:47:49,207 [ INFO] project folder /ruby doesn't exist 
2012-07-17 13:48:05,408 [ INFO] Log4j was successfully initialized 
2012-07-17 13:48:07,451 [ INFO] project folder /ruby doesn't exist 
2012-07-18 17:53:18,881 [ INFO] Log4j was successfully initialized 
2012-07-18 17:53:49,588 [ERROR] Error in runtime initialisation 
java.lang.NullPointerException
	at org.amanzi.awe.scripting.AbstractScriptingPlugin.initDefaultScript(AbstractScriptingPlugin.java:85)
	at org.amanzi.awe.scripting.AbstractScriptingPlugin.initRuntime(AbstractScriptingPlugin.java:173)
	at org.amanzi.awe.scripting.AbstractScriptingPlugin.initRuntime(AbstractScriptingPlugin.java:141)
	at org.amanzi.awe.scripting.AbstractScriptingPlugin.getRuntimeWrapper(AbstractScriptingPlugin.java:185)
	at org.amanzi.awe.scripting.AbstractScriptingPluginTests.testSimpleScriptExecution(AbstractScriptingPluginTests.java:109)
	at sun.reflect.NativeMethodAccessorImpl.invoke0(Native Method)
	at sun.reflect.NativeMethodAccessorImpl.invoke(NativeMethodAccessorImpl.java:57)
	at sun.reflect.DelegatingMethodAccessorImpl.invoke(DelegatingMethodAccessorImpl.java:43)
	at java.lang.reflect.Method.invoke(Method.java:616)
	at org.junit.runners.model.FrameworkMethod$1.runReflectiveCall(FrameworkMethod.java:44)
	at org.junit.internal.runners.model.ReflectiveCallable.run(ReflectiveCallable.java:15)
	at org.junit.runners.model.FrameworkMethod.invokeExplosively(FrameworkMethod.java:41)
	at org.junit.internal.runners.statements.InvokeMethod.evaluate(InvokeMethod.java:20)
	at org.junit.runners.BlockJUnit4ClassRunner.runNotIgnored(BlockJUnit4ClassRunner.java:79)
	at org.junit.runners.BlockJUnit4ClassRunner.runChild(BlockJUnit4ClassRunner.java:71)
	at org.junit.runners.BlockJUnit4ClassRunner.runChild(BlockJUnit4ClassRunner.java:49)
	at org.junit.runners.ParentRunner$3.run(ParentRunner.java:193)
	at org.junit.runners.ParentRunner$1.schedule(ParentRunner.java:52)
	at org.junit.runners.ParentRunner.runChildren(ParentRunner.java:191)
	at org.junit.runners.ParentRunner.access$000(ParentRunner.java:42)
	at org.junit.runners.ParentRunner$2.evaluate(ParentRunner.java:184)
	at org.junit.internal.runners.statements.RunBefores.evaluate(RunBefores.java:28)
	at org.junit.runners.ParentRunner.run(ParentRunner.java:236)
	at org.eclipse.jdt.internal.junit4.runner.JUnit4TestReference.run(JUnit4TestReference.java:50)
	at org.eclipse.jdt.internal.junit.runner.TestExecution.run(TestExecution.java:38)
	at org.eclipse.jdt.internal.junit.runner.RemoteTestRunner.runTests(RemoteTestRunner.java:467)
	at org.eclipse.jdt.internal.junit.runner.RemoteTestRunner.runTests(RemoteTestRunner.java:683)
	at org.eclipse.jdt.internal.junit.runner.RemoteTestRunner.run(RemoteTestRunner.java:390)
	at org.eclipse.pde.internal.junit.runtime.RemotePluginTestRunner.main(RemotePluginTestRunner.java:62)
	at org.eclipse.pde.internal.junit.runtime.CoreTestApplication.run(CoreTestApplication.java:23)
	at sun.reflect.NativeMethodAccessorImpl.invoke0(Native Method)
	at sun.reflect.NativeMethodAccessorImpl.invoke(NativeMethodAccessorImpl.java:57)
	at sun.reflect.DelegatingMethodAccessorImpl.invoke(DelegatingMethodAccessorImpl.java:43)
	at java.lang.reflect.Method.invoke(Method.java:616)
	at org.eclipse.equinox.internal.app.EclipseAppContainer.callMethodWithException(EclipseAppContainer.java:587)
	at org.eclipse.equinox.internal.app.EclipseAppHandle.run(EclipseAppHandle.java:198)
	at org.eclipse.core.runtime.internal.adaptor.EclipseAppLauncher.runApplication(EclipseAppLauncher.java:110)
	at org.eclipse.core.runtime.internal.adaptor.EclipseAppLauncher.start(EclipseAppLauncher.java:79)
	at org.eclipse.core.runtime.adaptor.EclipseStarter.run(EclipseStarter.java:344)
	at org.eclipse.core.runtime.adaptor.EclipseStarter.run(EclipseStarter.java:179)
	at sun.reflect.NativeMethodAccessorImpl.invoke0(Native Method)
	at sun.reflect.NativeMethodAccessorImpl.invoke(NativeMethodAccessorImpl.java:57)
	at sun.reflect.DelegatingMethodAccessorImpl.invoke(DelegatingMethodAccessorImpl.java:43)
	at java.lang.reflect.Method.invoke(Method.java:616)
	at org.eclipse.equinox.launcher.Main.invokeFramework(Main.java:622)
	at org.eclipse.equinox.launcher.Main.basicRun(Main.java:577)
	at org.eclipse.equinox.launcher.Main.run(Main.java:1410)
	at org.eclipse.equinox.launcher.Main.main(Main.java:1386)
2012-07-18 17:53:52,242 [ INFO] project folder /ruby doesn't exist 
2012-07-18 17:57:06,516 [ INFO] Log4j was successfully initialized 
2012-07-18 17:58:29,208 [ INFO] Log4j was successfully initialized 
2012-07-18 17:58:40,564 [ERROR] Can't execute script require 'java'

java_import 'org.amanzi.awe.statistics.template.Condition'
java_import 'org.amanzi.awe.statistics.template.TemplateColumn'
java_import 'org.amanzi.awe.statistics.template.Template'
java_import 'org.amanzi.awe.statistics.template.Threshold'
java_import 'org.amanzi.awe.statistics.engine.KpiBasedHeader'
java_import 'org.amanzi.awe.statistics.engine.PropertyBasedHeader'

class Thresholds
  attr_reader :threshold
  def alert()
    self
  end

  def >(value)
    @threshold=Threshold.new(java.lang.Double.new(value),">")
  end

  def >=(value)
    @threshold=Threshold.new(java.lang.Double.new(value),">=")
  end

  def <(value)
    @threshold=Threshold.new(java.lang.Double.new(value),"<")
  end

  def <=(value)
    @threshold=Threshold.new(java.lang.Double.new(value),"<=")
  end
  alias lt :<
  alias le :<=
  alias gt :>
  alias ge :>=
end

class TemplateColumn
  attr_accessor :name
  def initialize(name)
    self.name=name
  end

  def property(property)
    setHeader(PropertyBasedHeader.new(property.to_s,@name))
    self
  end

  def formula(formula)
    setHeader(KpiBasedHeader.new(formula,@name))
    self
  end

  def aggregation(aggregation)
    setFunction(aggregation.to_s)
    self
  end

  alias property= property
  alias formula= formula
  alias aggregation= aggregation

  def thresholds(&block)
    t=Thresholds.new
    t.instance_eval &block if block_given?
    setThreshold(t.threshold)
  end

  def format(type,pattern)
    type||=:decimal
    if type=:decimal
      setFormat(java.text.DecimalFormat.new(pattern))
    elsif type=:date
      setFormat(java.text.SimpleDateFormat.new(pattern))
    end
  end

  def method_missing(method, *args)
    if method.to_s=~/alert_(\w+)/
      thresholds{alert.send($1,*args)}
    else
      super.method_missing(method, *args)
    end
  end
end

class Template
  attr_accessor :name
  def metadata(hash)
    setMetadata(java.util.HashMap.new(hash))
  end

  def column(name, &block)
    column=TemplateColumn.new(name)
    column.instance_eval &block if block_given?
    add(column)
    column
  end

  def author(author)
    setAuthor(author)
  end

  def date(date)
    setDate(date)
  end

end

def template(name,&block)
  begin
    t=Template.new(name)
    t.instance_eval &block if block_given?
  rescue =>e
    puts e
    puts e.backtrace.join("\n")
  end
  t
end
because of 
org.jruby.exceptions.RaiseException: (NameError) cannot load Java class org.amanzi.awe.statistics.template.Condition
	at org.jruby.javasupport.JavaClass.for_name(org/jruby/javasupport/JavaClass.java:1206)
	at org.jruby.javasupport.JavaUtilities.get_proxy_class(org/jruby/javasupport/JavaUtilities.java:34)
	at RUBY.java_import(classpath:/jruby/java/core_ext/object.rb:45)
	at org.jruby.RubyArray.map(org/jruby/RubyArray.java:2350)
	at RUBY.java_import(classpath:/jruby/java/core_ext/object.rb:41)
	at RUBY.(root)(<script>:3)
2012-07-18 17:58:46,025 [ERROR] Error in runtime initialisation 
org.amanzi.awe.scripting.exceptions.ScriptingException: Can't execute script require 'java'

java_import 'org.amanzi.awe.statistics.template.Condition'
java_import 'org.amanzi.awe.statistics.template.TemplateColumn'
java_import 'org.amanzi.awe.statistics.template.Template'
java_import 'org.amanzi.awe.statistics.template.Threshold'
java_import 'org.amanzi.awe.statistics.engine.KpiBasedHeader'
java_import 'org.amanzi.awe.statistics.engine.PropertyBasedHeader'

class Thresholds
  attr_reader :threshold
  def alert()
    self
  end

  def >(value)
    @threshold=Threshold.new(java.lang.Double.new(value),">")
  end

  def >=(value)
    @threshold=Threshold.new(java.lang.Double.new(value),">=")
  end

  def <(value)
    @threshold=Threshold.new(java.lang.Double.new(value),"<")
  end

  def <=(value)
    @threshold=Threshold.new(java.lang.Double.new(value),"<=")
  end
  alias lt :<
  alias le :<=
  alias gt :>
  alias ge :>=
end

class TemplateColumn
  attr_accessor :name
  def initialize(name)
    self.name=name
  end

  def property(property)
    setHeader(PropertyBasedHeader.new(property.to_s,@name))
    self
  end

  def formula(formula)
    setHeader(KpiBasedHeader.new(formula,@name))
    self
  end

  def aggregation(aggregation)
    setFunction(aggregation.to_s)
    self
  end

  alias property= property
  alias formula= formula
  alias aggregation= aggregation

  def thresholds(&block)
    t=Thresholds.new
    t.instance_eval &block if block_given?
    setThreshold(t.threshold)
  end

  def format(type,pattern)
    type||=:decimal
    if type=:decimal
      setFormat(java.text.DecimalFormat.new(pattern))
    elsif type=:date
      setFormat(java.text.SimpleDateFormat.new(pattern))
    end
  end

  def method_missing(method, *args)
    if method.to_s=~/alert_(\w+)/
      thresholds{alert.send($1,*args)}
    else
      super.method_missing(method, *args)
    end
  end
end

class Template
  attr_accessor :name
  def metadata(hash)
    setMetadata(java.util.HashMap.new(hash))
  end

  def column(name, &block)
    column=TemplateColumn.new(name)
    column.instance_eval &block if block_given?
    add(column)
    column
  end

  def author(author)
    setAuthor(author)
  end

  def date(date)
    setDate(date)
  end

end

def template(name,&block)
  begin
    t=Template.new(name)
    t.instance_eval &block if block_given?
  rescue =>e
    puts e
    puts e.backtrace.join("\n")
  end
  t
end
because of
	at org.amanzi.awe.scripting.JRubyRuntimeWrapper.executeScript(JRubyRuntimeWrapper.java:114)
	at org.amanzi.awe.scripting.JRubyRuntimeWrapper.executeScript(JRubyRuntimeWrapper.java:84)
	at org.amanzi.awe.scripting.AbstractScriptingPlugin.initDefaultScript(AbstractScriptingPlugin.java:84)
	at org.amanzi.awe.scripting.AbstractScriptingPlugin.initRuntime(AbstractScriptingPlugin.java:172)
	at org.amanzi.awe.scripting.AbstractScriptingPlugin.initRuntime(AbstractScriptingPlugin.java:140)
	at org.amanzi.awe.scripting.AbstractScriptingPlugin.getRuntimeWrapper(AbstractScriptingPlugin.java:184)
	at org.amanzi.awe.scripting.AbstractScriptingPluginTests.testSimpleScriptExecution(AbstractScriptingPluginTests.java:109)
	at sun.reflect.NativeMethodAccessorImpl.invoke0(Native Method)
	at sun.reflect.NativeMethodAccessorImpl.invoke(NativeMethodAccessorImpl.java:57)
	at sun.reflect.DelegatingMethodAccessorImpl.invoke(DelegatingMethodAccessorImpl.java:43)
	at java.lang.reflect.Method.invoke(Method.java:616)
	at org.junit.runners.model.FrameworkMethod$1.runReflectiveCall(FrameworkMethod.java:44)
	at org.junit.internal.runners.model.ReflectiveCallable.run(ReflectiveCallable.java:15)
	at org.junit.runners.model.FrameworkMethod.invokeExplosively(FrameworkMethod.java:41)
	at org.junit.internal.runners.statements.InvokeMethod.evaluate(InvokeMethod.java:20)
	at org.junit.runners.BlockJUnit4ClassRunner.runNotIgnored(BlockJUnit4ClassRunner.java:79)
	at org.junit.runners.BlockJUnit4ClassRunner.runChild(BlockJUnit4ClassRunner.java:71)
	at org.junit.runners.BlockJUnit4ClassRunner.runChild(BlockJUnit4ClassRunner.java:49)
	at org.junit.runners.ParentRunner$3.run(ParentRunner.java:193)
	at org.junit.runners.ParentRunner$1.schedule(ParentRunner.java:52)
	at org.junit.runners.ParentRunner.runChildren(ParentRunner.java:191)
	at org.junit.runners.ParentRunner.access$000(ParentRunner.java:42)
	at org.junit.runners.ParentRunner$2.evaluate(ParentRunner.java:184)
	at org.junit.internal.runners.statements.RunBefores.evaluate(RunBefores.java:28)
	at org.junit.runners.ParentRunner.run(ParentRunner.java:236)
	at org.eclipse.jdt.internal.junit4.runner.JUnit4TestReference.run(JUnit4TestReference.java:50)
	at org.eclipse.jdt.internal.junit.runner.TestExecution.run(TestExecution.java:38)
	at org.eclipse.jdt.internal.junit.runner.RemoteTestRunner.runTests(RemoteTestRunner.java:467)
	at org.eclipse.jdt.internal.junit.runner.RemoteTestRunner.runTests(RemoteTestRunner.java:683)
	at org.eclipse.jdt.internal.junit.runner.RemoteTestRunner.run(RemoteTestRunner.java:390)
	at org.eclipse.pde.internal.junit.runtime.RemotePluginTestRunner.main(RemotePluginTestRunner.java:62)
	at org.eclipse.pde.internal.junit.runtime.CoreTestApplication.run(CoreTestApplication.java:23)
	at sun.reflect.NativeMethodAccessorImpl.invoke0(Native Method)
	at sun.reflect.NativeMethodAccessorImpl.invoke(NativeMethodAccessorImpl.java:57)
	at sun.reflect.DelegatingMethodAccessorImpl.invoke(DelegatingMethodAccessorImpl.java:43)
	at java.lang.reflect.Method.invoke(Method.java:616)
	at org.eclipse.equinox.internal.app.EclipseAppContainer.callMethodWithException(EclipseAppContainer.java:587)
	at org.eclipse.equinox.internal.app.EclipseAppHandle.run(EclipseAppHandle.java:198)
	at org.eclipse.core.runtime.internal.adaptor.EclipseAppLauncher.runApplication(EclipseAppLauncher.java:110)
	at org.eclipse.core.runtime.internal.adaptor.EclipseAppLauncher.start(EclipseAppLauncher.java:79)
	at org.eclipse.core.runtime.adaptor.EclipseStarter.run(EclipseStarter.java:344)
	at org.eclipse.core.runtime.adaptor.EclipseStarter.run(EclipseStarter.java:179)
	at sun.reflect.NativeMethodAccessorImpl.invoke0(Native Method)
	at sun.reflect.NativeMethodAccessorImpl.invoke(NativeMethodAccessorImpl.java:57)
	at sun.reflect.DelegatingMethodAccessorImpl.invoke(DelegatingMethodAccessorImpl.java:43)
	at java.lang.reflect.Method.invoke(Method.java:616)
	at org.eclipse.equinox.launcher.Main.invokeFramework(Main.java:622)
	at org.eclipse.equinox.launcher.Main.basicRun(Main.java:577)
	at org.eclipse.equinox.launcher.Main.run(Main.java:1410)
	at org.eclipse.equinox.launcher.Main.main(Main.java:1386)
Caused by: org.jruby.exceptions.RaiseException: (NameError) cannot load Java class org.amanzi.awe.statistics.template.Condition
	at org.jruby.javasupport.JavaClass.for_name(org/jruby/javasupport/JavaClass.java:1206)
	at org.jruby.javasupport.JavaUtilities.get_proxy_class(org/jruby/javasupport/JavaUtilities.java:34)
	at RUBY.java_import(classpath:/jruby/java/core_ext/object.rb:45)
	at org.jruby.RubyArray.map(org/jruby/RubyArray.java:2350)
	at RUBY.java_import(classpath:/jruby/java/core_ext/object.rb:41)
	at RUBY.(root)(<script>:3)
2012-07-18 17:58:47,663 [ INFO] project folder /ruby doesn't exist 
2012-07-18 18:12:02,337 [ INFO] Log4j was successfully initialized 
2012-07-18 18:12:04,880 [ INFO] Initialize  bundle org.amanzi.awe.scripting with script annotations.rb 
2012-07-18 18:12:04,897 [ INFO] nothing to initialize in bundle org.amanzi.awe.scripting.testing 
2012-07-18 18:12:04,898 [ERROR] Error in runtime initialisation 
java.lang.NullPointerException
	at org.eclipse.core.internal.runtime.Activator.getURLConverter(Activator.java:333)
	at org.eclipse.core.runtime.FileLocator.toFileURL(FileLocator.java:205)
	at org.amanzi.awe.scripting.AbstractScriptingPlugin.initDefaultScript(AbstractScriptingPlugin.java:83)
	at org.amanzi.awe.scripting.AbstractScriptingPlugin.initRuntime(AbstractScriptingPlugin.java:176)
	at org.amanzi.awe.scripting.AbstractScriptingPlugin.initRuntime(AbstractScriptingPlugin.java:143)
	at org.amanzi.awe.scripting.AbstractScriptingPlugin.getRuntimeWrapper(AbstractScriptingPlugin.java:188)
	at org.amanzi.awe.scripting.AbstractScriptingPluginTests.testSimpleScriptExecution(AbstractScriptingPluginTests.java:109)
	at sun.reflect.NativeMethodAccessorImpl.invoke0(Native Method)
	at sun.reflect.NativeMethodAccessorImpl.invoke(NativeMethodAccessorImpl.java:57)
	at sun.reflect.DelegatingMethodAccessorImpl.invoke(DelegatingMethodAccessorImpl.java:43)
	at java.lang.reflect.Method.invoke(Method.java:616)
	at org.junit.runners.model.FrameworkMethod$1.runReflectiveCall(FrameworkMethod.java:44)
	at org.junit.internal.runners.model.ReflectiveCallable.run(ReflectiveCallable.java:15)
	at org.junit.runners.model.FrameworkMethod.invokeExplosively(FrameworkMethod.java:41)
	at org.junit.internal.runners.statements.InvokeMethod.evaluate(InvokeMethod.java:20)
	at org.junit.runners.BlockJUnit4ClassRunner.runNotIgnored(BlockJUnit4ClassRunner.java:79)
	at org.junit.runners.BlockJUnit4ClassRunner.runChild(BlockJUnit4ClassRunner.java:71)
	at org.junit.runners.BlockJUnit4ClassRunner.runChild(BlockJUnit4ClassRunner.java:49)
	at org.junit.runners.ParentRunner$3.run(ParentRunner.java:193)
	at org.junit.runners.ParentRunner$1.schedule(ParentRunner.java:52)
	at org.junit.runners.ParentRunner.runChildren(ParentRunner.java:191)
	at org.junit.runners.ParentRunner.access$000(ParentRunner.java:42)
	at org.junit.runners.ParentRunner$2.evaluate(ParentRunner.java:184)
	at org.junit.internal.runners.statements.RunBefores.evaluate(RunBefores.java:28)
	at org.junit.runners.ParentRunner.run(ParentRunner.java:236)
	at org.eclipse.jdt.internal.junit4.runner.JUnit4TestReference.run(JUnit4TestReference.java:50)
	at org.eclipse.jdt.internal.junit.runner.TestExecution.run(TestExecution.java:38)
	at org.eclipse.jdt.internal.junit.runner.RemoteTestRunner.runTests(RemoteTestRunner.java:467)
	at org.eclipse.jdt.internal.junit.runner.RemoteTestRunner.runTests(RemoteTestRunner.java:683)
	at org.eclipse.jdt.internal.junit.runner.RemoteTestRunner.run(RemoteTestRunner.java:390)
	at org.eclipse.pde.internal.junit.runtime.RemotePluginTestRunner.main(RemotePluginTestRunner.java:62)
	at org.eclipse.pde.internal.junit.runtime.CoreTestApplication.run(CoreTestApplication.java:23)
	at sun.reflect.NativeMethodAccessorImpl.invoke0(Native Method)
	at sun.reflect.NativeMethodAccessorImpl.invoke(NativeMethodAccessorImpl.java:57)
	at sun.reflect.DelegatingMethodAccessorImpl.invoke(DelegatingMethodAccessorImpl.java:43)
	at java.lang.reflect.Method.invoke(Method.java:616)
	at org.eclipse.equinox.internal.app.EclipseAppContainer.callMethodWithException(EclipseAppContainer.java:587)
	at org.eclipse.equinox.internal.app.EclipseAppHandle.run(EclipseAppHandle.java:198)
	at org.eclipse.core.runtime.internal.adaptor.EclipseAppLauncher.runApplication(EclipseAppLauncher.java:110)
	at org.eclipse.core.runtime.internal.adaptor.EclipseAppLauncher.start(EclipseAppLauncher.java:79)
	at org.eclipse.core.runtime.adaptor.EclipseStarter.run(EclipseStarter.java:344)
	at org.eclipse.core.runtime.adaptor.EclipseStarter.run(EclipseStarter.java:179)
	at sun.reflect.NativeMethodAccessorImpl.invoke0(Native Method)
	at sun.reflect.NativeMethodAccessorImpl.invoke(NativeMethodAccessorImpl.java:57)
	at sun.reflect.DelegatingMethodAccessorImpl.invoke(DelegatingMethodAccessorImpl.java:43)
	at java.lang.reflect.Method.invoke(Method.java:616)
	at org.eclipse.equinox.launcher.Main.invokeFramework(Main.java:622)
	at org.eclipse.equinox.launcher.Main.basicRun(Main.java:577)
	at org.eclipse.equinox.launcher.Main.run(Main.java:1410)
	at org.eclipse.equinox.launcher.Main.main(Main.java:1386)
2012-07-18 18:12:41,952 [ INFO] Log4j was successfully initialized 
2012-07-18 18:12:55,977 [ INFO] Initialize  bundle org.amanzi.awe.scripting with script annotations.rb 
2012-07-18 18:13:12,055 [ INFO] nothing to initialize in bundle org.amanzi.awe.scripting.testing 
2012-07-18 18:13:19,240 [ INFO] project folder /ruby doesn't exist 
2012-07-18 18:14:43,644 [ INFO] Log4j was successfully initialized 
2012-07-18 18:18:37,827 [ INFO] Log4j was successfully initialized 
2012-07-18 18:19:01,903 [ INFO] Initialize  bundle org.amanzi.awe.scripting with script annotations.rb 
2012-07-18 18:19:01,913 [ INFO] nothing to initialize in bundle org.amanzi.awe.scripting.testing 
2012-07-18 18:19:01,930 [ INFO] project folder /ruby doesn't exist 
2012-07-18 18:19:35,637 [ INFO] Log4j was successfully initialized 
2012-07-18 18:19:40,880 [ INFO] Initialize  bundle org.amanzi.awe.scripting with script annotations.rb 
2012-07-18 18:19:40,885 [ INFO] nothing to initialize in bundle org.amanzi.awe.scripting.testing 
2012-07-18 18:19:40,913 [ INFO] project folder /ruby doesn't exist 
2012-07-18 18:22:17,308 [ INFO] Log4j was successfully initialized 
2012-07-18 18:22:19,522 [ INFO] Initialize  bundle org.amanzi.awe.scripting with script annotations.rb 
2012-07-18 18:22:19,527 [ INFO] nothing to initialize in bundle org.amanzi.awe.scripting.testing 
2012-07-18 18:22:19,546 [ INFO] project folder /ruby doesn't exist 
2012-07-18 18:22:58,690 [ INFO] Log4j was successfully initialized 
2012-07-18 18:23:00,790 [ INFO] Initialize  bundle org.amanzi.awe.scripting with script annotations.rb 
2012-07-18 18:23:00,796 [ INFO] nothing to initialize in bundle org.amanzi.awe.scripting.testing 
2012-07-18 18:23:00,810 [ INFO] project folder /ruby doesn't exist 
2012-07-19 13:06:11,355 [ INFO] Log4j was successfully initialized 
2012-07-19 13:06:13,483 [ INFO] Initialize  bundle org.amanzi.awe.scripting with script annotations.rb 
2012-07-19 13:06:13,488 [ INFO] nothing to initialize in bundle org.amanzi.awe.scripting.testing 
2012-07-19 13:06:13,505 [ INFO] project folder /ruby doesn't exist 
2012-07-19 13:20:36,958 [ INFO] Log4j was successfully initialized 
